2019-02-12 18:07:32 INFO  com.util.TestBaseClass:35 - Project path reading
2019-02-12 18:07:33 INFO  com.util.TestBaseClass:35 - Project path reading
2019-02-12 18:07:33 INFO  com.util.TestBaseClass:52 - Reading properties file is done
2019-02-12 18:07:47 INFO  com.util.TestBaseClass:80 - Login is done
2019-02-12 18:08:00 INFO  com.util.TestBaseClass:52 - Reading properties file is done
2019-02-12 18:08:15 INFO  com.util.TestBaseClass:80 - Login is done
2019-02-12 18:33:21 INFO  com.util.TestBaseClass:41 - Project path reading
2019-02-12 18:33:21 INFO  com.util.TestBaseClass:41 - Project path reading
2019-02-12 18:33:21 INFO  com.util.TestBaseClass:58 - Reading properties file is done
2019-02-12 18:33:48 INFO  com.util.TestBaseClass:41 - Project path reading
2019-02-12 18:33:48 INFO  com.util.TestBaseClass:41 - Project path reading
2019-02-12 18:33:48 INFO  com.util.TestBaseClass:58 - Reading properties file is done
2019-02-12 18:34:04 INFO  com.util.TestBaseClass:86 - Login is done
2019-02-12 18:34:15 INFO  com.util.TestBaseClass:130 - screenshot capturing is started
2019-02-12 18:34:16 INFO  com.util.TestBaseClass:139 - screenshot capturing is done..
2019-02-12 18:34:16 INFO  com.util.TestBaseClass:58 - Reading properties file is done
2019-02-12 18:34:31 INFO  com.util.TestBaseClass:86 - Login is done
2019-02-12 18:59:49 INFO  hms.util.TestBaseClass:41 - Project path reading
2019-02-12 18:59:49 INFO  hms.util.TestBaseClass:41 - Project path reading
2019-02-12 18:59:49 INFO  hms.util.TestBaseClass:58 - Reading properties file is done
2019-02-12 19:00:05 INFO  hms.util.TestBaseClass:86 - Login is done
2019-02-12 19:00:17 INFO  hms.util.TestBaseClass:130 - screenshot capturing is started
2019-02-12 19:00:17 INFO  hms.util.TestBaseClass:139 - screenshot capturing is done..
2019-02-12 19:00:17 INFO  hms.util.TestBaseClass:58 - Reading properties file is done
2019-02-12 19:00:31 INFO  hms.util.TestBaseClass:86 - Login is done
2019-02-12 19:00:38 INFO  hms.util.TestBaseClass:130 - screenshot capturing is started
2019-02-12 19:00:39 INFO  hms.util.TestBaseClass:139 - screenshot capturing is done..
2019-02-12 19:24:28 INFO  hms.util.TestBaseClass:41 - Project path reading
2019-02-12 19:24:28 INFO  hms.util.TestBaseClass:41 - Project path reading
2019-02-12 19:24:28 INFO  hms.util.TestBaseClass:58 - Reading properties file is done
2019-02-12 19:24:44 INFO  hms.util.TestBaseClass:86 - Login is done
2019-02-12 19:24:56 INFO  hms.util.TestBaseClass:130 - screenshot capturing is started
2019-02-12 19:24:56 INFO  hms.util.TestBaseClass:139 - screenshot capturing is done..
2019-02-12 19:24:56 INFO  hms.util.TestBaseClass:58 - Reading properties file is done
2019-02-12 19:25:11 INFO  hms.util.TestBaseClass:86 - Login is done
2019-02-12 19:25:21 INFO  hms.util.TestBaseClass:130 - screenshot capturing is started
2019-02-12 19:25:22 INFO  hms.util.TestBaseClass:139 - screenshot capturing is done..
2019-02-12 19:32:13 INFO  hms.util.TestBaseClass:41 - Project path reading
2019-02-12 19:32:13 INFO  hms.util.TestBaseClass:41 - Project path reading
2019-02-12 19:32:13 INFO  hms.util.TestBaseClass:58 - Reading properties file is done
2019-02-12 19:32:29 INFO  hms.util.TestBaseClass:86 - Login is done
2019-02-12 19:32:41 INFO  hms.util.TestBaseClass:130 - screenshot capturing is started
2019-02-12 19:32:41 INFO  hms.util.TestBaseClass:139 - screenshot capturing is done..
2019-02-12 19:32:41 INFO  hms.util.TestBaseClass:58 - Reading properties file is done
2019-02-12 19:32:58 INFO  hms.util.TestBaseClass:86 - Login is done
2019-02-13 07:30:25 INFO  hms.util.TestBaseClass:41 - Project path reading
2019-02-13 07:30:25 INFO  hms.util.TestBaseClass:41 - Project path reading
2019-02-13 07:30:25 INFO  hms.util.TestBaseClass:58 - Reading properties file is done
2019-02-13 07:30:38 INFO  hms.util.TestBaseClass:86 - Login is done
2019-02-13 07:30:51 INFO  hms.util.TestBaseClass:130 - screenshot capturing is started
2019-02-13 07:30:51 INFO  hms.util.TestBaseClass:139 - screenshot capturing is done..
2019-02-13 07:30:51 INFO  hms.util.TestBaseClass:58 - Reading properties file is done
2019-02-13 07:30:59 INFO  hms.util.TestBaseClass:86 - Login is done
2019-02-13 07:31:06 INFO  hms.util.TestBaseClass:130 - screenshot capturing is started
2019-02-13 07:31:06 INFO  hms.util.TestBaseClass:139 - screenshot capturing is done..
2019-02-13 08:03:59 INFO  hms.util.TestBaseClass:41 - Project path reading
2019-02-13 08:03:59 INFO  hms.util.TestBaseClass:41 - Project path reading
2019-02-13 08:03:59 INFO  hms.util.TestBaseClass:58 - Reading properties file is done
2019-02-13 08:04:08 INFO  hms.util.TestBaseClass:86 - Login is done
2019-02-13 08:04:20 INFO  hms.util.TestBaseClass:130 - screenshot capturing is started
2019-02-13 08:04:20 INFO  hms.util.TestBaseClass:139 - screenshot capturing is done..
2019-02-13 08:04:20 INFO  hms.util.TestBaseClass:58 - Reading properties file is done
2019-02-13 08:04:27 INFO  hms.util.TestBaseClass:86 - Login is done
2019-02-13 08:04:34 INFO  hms.util.TestBaseClass:130 - screenshot capturing is started
2019-02-13 08:04:34 INFO  hms.util.TestBaseClass:139 - screenshot capturing is done..
2019-02-14 18:26:15 INFO  hms.util.TestBaseClass:41 - Project path reading
2019-02-14 18:26:15 INFO  hms.util.TestBaseClass:41 - Project path reading
2019-02-14 18:26:15 INFO  hms.util.TestBaseClass:58 - Reading properties file is done
2019-02-14 18:26:34 INFO  hms.util.TestBaseClass:86 - Login is done
2019-02-14 18:26:45 INFO  hms.util.TestBaseClass:130 - screenshot capturing is started
2019-02-14 18:26:46 INFO  hms.util.TestBaseClass:139 - screenshot capturing is done..
2019-02-14 18:26:46 INFO  hms.util.TestBaseClass:58 - Reading properties file is done
2019-02-14 18:27:03 INFO  hms.util.TestBaseClass:86 - Login is done
2019-02-14 18:27:10 INFO  hms.util.TestBaseClass:130 - screenshot capturing is started
2019-02-14 18:27:10 INFO  hms.util.TestBaseClass:139 - screenshot capturing is done..
2019-02-14 18:27:41 INFO  hms.util.TestBaseClass:41 - Project path reading
2019-02-14 18:27:41 INFO  hms.util.TestBaseClass:41 - Project path reading
2019-02-14 18:27:41 INFO  hms.util.TestBaseClass:58 - Reading properties file is done
2019-02-14 18:27:57 INFO  hms.util.TestBaseClass:86 - Login is done
2019-02-14 18:28:09 INFO  hms.util.TestBaseClass:130 - screenshot capturing is started
2019-02-14 18:28:09 INFO  hms.util.TestBaseClass:139 - screenshot capturing is done..
2019-02-14 18:28:09 INFO  hms.util.TestBaseClass:58 - Reading properties file is done
2019-02-14 18:28:24 INFO  hms.util.TestBaseClass:86 - Login is done
2019-02-14 18:28:32 INFO  hms.util.TestBaseClass:130 - screenshot capturing is started
2019-02-14 18:28:32 INFO  hms.util.TestBaseClass:139 - screenshot capturing is done..
2019-02-14 18:30:06 INFO  hms.util.TestBaseClass:41 - Project path reading
2019-02-14 18:30:06 INFO  hms.util.TestBaseClass:41 - Project path reading
2019-02-14 18:30:06 INFO  hms.util.TestBaseClass:58 - Reading properties file is done
2019-02-14 18:30:23 INFO  hms.util.TestBaseClass:86 - Login is done
2019-02-14 18:30:34 INFO  hms.util.TestBaseClass:130 - screenshot capturing is started
2019-02-14 18:30:35 INFO  hms.util.TestBaseClass:139 - screenshot capturing is done..
2019-02-14 18:30:35 INFO  hms.util.TestBaseClass:58 - Reading properties file is done
2019-02-14 18:30:50 INFO  hms.util.TestBaseClass:86 - Login is done
2019-02-14 18:30:57 INFO  hms.util.TestBaseClass:130 - screenshot capturing is started
2019-02-14 18:30:57 INFO  hms.util.TestBaseClass:139 - screenshot capturing is done..
2019-02-15 07:17:43 INFO  hms.util.TestBaseClass:41 - Project path reading
2019-02-15 07:17:43 INFO  hms.util.TestBaseClass:41 - Project path reading
2019-02-15 07:17:43 INFO  hms.util.TestBaseClass:58 - Reading properties file is done
2019-02-15 07:17:57 INFO  hms.util.TestBaseClass:86 - Login is done
2019-02-15 07:18:09 INFO  hms.util.TestBaseClass:130 - screenshot capturing is started
2019-02-15 07:18:09 INFO  hms.util.TestBaseClass:139 - screenshot capturing is done..
2019-02-15 07:18:09 INFO  hms.util.TestBaseClass:58 - Reading properties file is done
2019-02-15 07:18:19 INFO  hms.util.TestBaseClass:86 - Login is done
2019-02-15 07:18:25 INFO  hms.util.TestBaseClass:130 - screenshot capturing is started
2019-02-15 07:18:25 INFO  hms.util.TestBaseClass:139 - screenshot capturing is done..
2019-02-17 18:01:20 INFO  hms.util.TestBaseClass:41 - Project path reading
2019-02-17 18:01:20 INFO  hms.util.TestBaseClass:41 - Project path reading
2019-02-17 18:01:20 INFO  hms.util.TestBaseClass:58 - Reading properties file is done
2019-02-17 18:02:00 INFO  hms.util.TestBaseClass:86 - Login is done
2019-02-17 18:02:47 INFO  hms.util.TestBaseClass:130 - screenshot capturing is started
2019-02-17 18:02:47 INFO  hms.util.TestBaseClass:58 - Reading properties file is done
2019-02-17 18:03:36 INFO  hms.util.TestBaseClass:86 - Login is done
2019-02-17 18:03:36 INFO  hms.util.TestBaseClass:130 - screenshot capturing is started
2019-02-17 18:03:36 INFO  hms.util.TestBaseClass:139 - screenshot capturing is done..
2019-03-11 07:44:47 INFO  hms.util.TestBaseClass:47 - Project path reading
2019-03-11 07:44:47 INFO  hms.util.TestBaseClass:59 - Reading properties file is done
2019-03-11 07:44:48 INFO  hms.util.TestBaseClass:47 - Project path reading
2019-03-11 07:44:48 INFO  hms.util.TestBaseClass:59 - Reading properties file is done
2019-03-11 07:45:08 INFO  hms.util.TestBaseClass:100 - Login is done
2019-03-11 07:45:22 INFO  hms.util.TestBaseClass:144 - screenshot capturing is started
2019-03-11 07:45:22 INFO  hms.util.TestBaseClass:153 - screenshot capturing is done..
2019-03-11 07:45:39 INFO  hms.util.TestBaseClass:100 - Login is done
2019-03-11 07:45:47 INFO  hms.util.TestBaseClass:144 - screenshot capturing is started
2019-03-11 07:45:47 INFO  hms.util.TestBaseClass:153 - screenshot capturing is done..
2019-03-15 17:02:14 INFO  hms.util.TestBaseClass:47 - Project path reading
2019-03-15 17:02:14 INFO  hms.util.TestBaseClass:59 - Reading properties file is done
2019-03-15 17:02:14 INFO  hms.util.TestBaseClass:47 - Project path reading
2019-03-15 17:02:14 INFO  hms.util.TestBaseClass:59 - Reading properties file is done
2019-03-15 17:02:40 INFO  hms.util.TestBaseClass:100 - Login is done
2019-03-15 17:02:58 INFO  hms.util.TestBaseClass:100 - Login is done
